# JRE version: OpenJDK Runtime Environment Temurin-21.0.10+7 (21.0.10+7) (build 21.0.10+7-LTS)
# Java VM: OpenJDK 64-Bit Server VM Temurin-21.0.10+7 (21.0.10+7-LTS, mixed mode, sharing, tiered, compressed oops, compressed class ptrs, parallel gc, windows-amd64)
GC Precious Log:
 CardTable entry size: 512
 CPUs: 4 total, 4 available
 Memory: 3975M
 Large Page Support: Disabled
 NUMA Support: Disabled
 Compressed Oops: Enabled (32-bit)
 Alignments: Space 512K, Generation 512K, Heap 2M
 Heap Min Capacity: 100M
 Heap Initial Capacity: 100M
 Heap Max Capacity: 2G
 Pre-touch: Disabled
 Parallel Workers: 4
Heap:
 PSYoungGen      total 13824K, used 9471K [0x00000000d5580000, 0x00000000d6400000, 0x0000000100000000)
  eden space 12288K, 76% used [0x00000000d5580000,0x00000000d5e9fe70,0x00000000d6180000)
  from space 1536K, 8% used [0x00000000d6200000,0x00000000d6220000,0x00000000d6380000)
  to   space 512K, 0% used [0x00000000d6380000,0x00000000d6380000,0x00000000d6400000)
 ParOldGen       total 75264K, used 56677K [0x0000000080000000, 0x0000000084980000, 0x00000000d5580000)
  object space 75264K, 75% used [0x0000000080000000,0x0000000083759640,0x0000000084980000)
 Metaspace       used 64221K, committed 65664K, reserved 1114112K
  class space    used 6869K, committed 7488K, reserved 1048576K
GC Heap History (20 events):
Event: 118.522 GC heap before
{Heap before GC invocations=75 (full 2):
 PSYoungGen      total 12800K, used 12576K [0x00000000d5580000, 0x00000000d6400000, 0x0000000100000000)
  eden space 12288K, 100% used [0x00000000d5580000,0x00000000d6180000,0x00000000d6180000)
  from space 512K, 56% used [0x00000000d6380000,0x00000000d63c8000,0x00000000d6400000)
  to   space 512K, 0% used [0x00000000d6300000,0x00000000d6300000,0x00000000d6380000)
 ParOldGen       total 74752K, used 74687K [0x0000000080000000, 0x0000000084900000, 0x00000000d5580000)
  object space 74752K, 99% used [0x0000000080000000,0x00000000848efce0,0x0000000084900000)
 Metaspace       used 58291K, committed 59648K, reserved 1114112K
  class space    used 6255K, committed 6848K, reserved 1048576K
}
Event: 118.524 GC heap after
{Heap after GC invocations=75 (full 2):
 PSYoungGen      total 12800K, used 486K [0x00000000d5580000, 0x00000000d6400000, 0x0000000100000000)
  eden space 12288K, 0% used [0x00000000d5580000,0x00000000d5580000,0x00000000d6180000)
  from space 512K, 94% used [0x00000000d6300000,0x00000000d63798e0,0x00000000d6380000)
  to   space 512K, 0% used [0x00000000d6380000,0x00000000d6380000,0x00000000d6400000)
 ParOldGen       total 75264K, used 74943K [0x0000000080000000, 0x0000000084980000, 0x00000000d5580000)
  object space 75264K, 99% used [0x0000000080000000,0x000000008492fce0,0x0000000084980000)
 Metaspace       used 58291K, committed 59648K, reserved 1114112K
  class space    used 6255K, committed 6848K, reserved 1048576K
}
Event: 118.829 GC heap before
{Heap before GC invocations=76 (full 2):
 PSYoungGen      total 12800K, used 10713K [0x00000000d5580000, 0x00000000d6400000, 0x0000000100000000)
  eden space 12288K, 83% used [0x00000000d5580000,0x00000000d5f7cc78,0x00000000d6180000)
  from space 512K, 94% used [0x00000000d6300000,0x00000000d63798e0,0x00000000d6380000)
  to   space 512K, 0% used [0x00000000d6380000,0x00000000d6380000,0x00000000d6400000)
 ParOldGen       total 75264K, used 74943K [0x0000000080000000, 0x0000000084980000, 0x00000000d5580000)
  object space 75264K, 99% used [0x0000000080000000,0x000000008492fce0,0x0000000084980000)
 Metaspace       used 58401K, committed 59776K, reserved 1114112K
  class space    used 6266K, committed 6848K, reserved 1048576K
}
Event: 118.832 GC heap after
{Heap after GC invocations=76 (full 2):
 PSYoungGen      total 12800K, used 464K [0x00000000d5580000, 0x00000000d6400000, 0x0000000100000000)
  eden space 12288K, 0% used [0x00000000d5580000,0x00000000d5580000,0x00000000d6180000)
  from space 512K, 90% used [0x00000000d6380000,0x00000000d63f4010,0x00000000d6400000)
  to   space 1024K, 0% used [0x00000000d6200000,0x00000000d6200000,0x00000000d6300000)
 ParOldGen       total 75264K, used 75159K [0x0000000080000000, 0x0000000084980000, 0x00000000d5580000)
  object space 75264K, 99% used [0x0000000080000000,0x0000000084965ce0,0x0000000084980000)
 Metaspace       used 58401K, committed 59776K, reserved 1114112K
  class space    used 6266K, committed 6848K, reserved 1048576K
}
Event: 118.832 GC heap before
{Heap before GC invocations=77 (full 3):
 PSYoungGen      total 12800K, used 464K [0x00000000d5580000, 0x00000000d6400000, 0x0000000100000000)
  eden space 12288K, 0% used [0x00000000d5580000,0x00000000d5580000,0x00000000d6180000)
  from space 512K, 90% used [0x00000000d6380000,0x00000000d63f4010,0x00000000d6400000)
  to   space 1024K, 0% used [0x00000000d6200000,0x00000000d6200000,0x00000000d6300000)
 ParOldGen       total 75264K, used 75159K [0x0000000080000000, 0x0000000084980000, 0x00000000d5580000)
  object space 75264K, 99% used [0x0000000080000000,0x0000000084965ce0,0x0000000084980000)
 Metaspace       used 58401K, committed 59776K, reserved 1114112K
  class space    used 6266K, committed 6848K, reserved 1048576K
}
Event: 119.144 GC heap after
{Heap after GC invocations=77 (full 3):
 PSYoungGen      total 12800K, used 0K [0x00000000d5580000, 0x00000000d6400000, 0x0000000100000000)
  eden space 12288K, 0% used [0x00000000d5580000,0x00000000d5580000,0x00000000d6180000)
  from space 512K, 0% used [0x00000000d6380000,0x00000000d6380000,0x00000000d6400000)
  to   space 1024K, 0% used [0x00000000d6200000,0x00000000d6200000,0x00000000d6300000)
 ParOldGen       total 75264K, used 54346K [0x0000000080000000, 0x0000000084980000, 0x00000000d5580000)
  object space 75264K, 72% used [0x0000000080000000,0x0000000083512a20,0x0000000084980000)
 Metaspace       used 58400K, committed 59776K, reserved 1114112K
  class space    used 6266K, committed 6848K, reserved 1048576K
}
Event: 120.158 GC heap before
{Heap before GC invocations=78 (full 3):
 PSYoungGen      total 12800K, used 12281K [0x00000000d5580000, 0x00000000d6400000, 0x0000000100000000)
  eden space 12288K, 99% used [0x00000000d5580000,0x00000000d617e7f0,0x00000000d6180000)
  from space 512K, 0% used [0x00000000d6380000,0x00000000d6380000,0x00000000d6400000)
  to   space 1024K, 0% used [0x00000000d6200000,0x00000000d6200000,0x00000000d6300000)
 ParOldGen       total 75264K, used 54346K [0x0000000080000000, 0x0000000084980000, 0x00000000d5580000)
  object space 75264K, 72% used [0x0000000080000000,0x0000000083512a20,0x0000000084980000)
 Metaspace       used 59608K, committed 60928K, reserved 1114112K
  class space    used 6423K, committed 6976K, reserved 1048576K
}
Event: 120.160 GC heap after
{Heap after GC invocations=78 (full 3):
 PSYoungGen      total 13312K, used 670K [0x00000000d5580000, 0x00000000d6400000, 0x0000000100000000)
  eden space 12288K, 0% used [0x00000000d5580000,0x00000000d5580000,0x00000000d6180000)
  from space 1024K, 65% used [0x00000000d6200000,0x00000000d62a7a90,0x00000000d6300000)
  to   space 1024K, 0% used [0x00000000d6300000,0x00000000d6300000,0x00000000d6400000)
 ParOldGen       total 75264K, used 54354K [0x0000000080000000, 0x0000000084980000, 0x00000000d5580000)
  object space 75264K, 72% used [0x0000000080000000,0x0000000083514a20,0x0000000084980000)
 Metaspace       used 59608K, committed 60928K, reserved 1114112K
  class space    used 6423K, committed 6976K, reserved 1048576K
}
Event: 120.676 GC heap before
{Heap before GC invocations=79 (full 3):
 PSYoungGen      total 13312K, used 12958K [0x00000000d5580000, 0x00000000d6400000, 0x0000000100000000)
  eden space 12288K, 100% used [0x00000000d5580000,0x00000000d6180000,0x00000000d6180000)
  from space 1024K, 65% used [0x00000000d6200000,0x00000000d62a7a90,0x00000000d6300000)
  to   space 1024K, 0% used [0x00000000d6300000,0x00000000d6300000,0x00000000d6400000)
 ParOldGen       total 75264K, used 54354K [0x0000000080000000, 0x0000000084980000, 0x00000000d5580000)
  object space 75264K, 72% used [0x0000000080000000,0x0000000083514a20,0x0000000084980000)
 Metaspace       used 60314K, committed 61696K, reserved 1114112K
  class space    used 6532K, committed 7104K, reserved 1048576K
}
Event: 120.678 GC heap after
{Heap after GC invocations=79 (full 3):
 PSYoungGen      total 12800K, used 338K [0x00000000d5580000, 0x00000000d6380000, 0x0000000100000000)
  eden space 12288K, 0% used [0x00000000d5580000,0x00000000d5580000,0x00000000d6180000)
  from space 512K, 66% used [0x00000000d6300000,0x00000000d6354b08,0x00000000d6380000)
  to   space 512K, 0% used [0x00000000d6280000,0x00000000d6280000,0x00000000d6300000)
 ParOldGen       total 75264K, used 54925K [0x0000000080000000, 0x0000000084980000, 0x00000000d5580000)
  object space 75264K, 72% used [0x0000000080000000,0x00000000835a3558,0x0000000084980000)
 Metaspace       used 60314K, committed 61696K, reserved 1114112K
  class space    used 6532K, committed 7104K, reserved 1048576K
}
Event: 121.038 GC heap before
{Heap before GC invocations=80 (full 3):
 PSYoungGen      total 12800K, used 12626K [0x00000000d5580000, 0x00000000d6380000, 0x0000000100000000)
  eden space 12288K, 100% used [0x00000000d5580000,0x00000000d6180000,0x00000000d6180000)
  from space 512K, 66% used [0x00000000d6300000,0x00000000d6354b08,0x00000000d6380000)
  to   space 512K, 0% used [0x00000000d6280000,0x00000000d6280000,0x00000000d6300000)
 ParOldGen       total 75264K, used 54925K [0x0000000080000000, 0x0000000084980000, 0x00000000d5580000)
  object space 75264K, 72% used [0x0000000080000000,0x00000000835a3558,0x0000000084980000)
 Metaspace       used 60924K, committed 62336K, reserved 1114112K
  class space    used 6598K, committed 7168K, reserved 1048576K
}
Event: 121.040 GC heap after
{Heap after GC invocations=80 (full 3):
 PSYoungGen      total 12800K, used 320K [0x00000000d5580000, 0x00000000d6380000, 0x0000000100000000)
  eden space 12288K, 0% used [0x00000000d5580000,0x00000000d5580000,0x00000000d6180000)
  from space 512K, 62% used [0x00000000d6280000,0x00000000d62d0000,0x00000000d6300000)
  to   space 512K, 0% used [0x00000000d6300000,0x00000000d6300000,0x00000000d6380000)
 ParOldGen       total 75264K, used 55194K [0x0000000080000000, 0x0000000084980000, 0x00000000d5580000)
  object space 75264K, 73% used [0x0000000080000000,0x00000000835e6bd0,0x0000000084980000)
 Metaspace       used 60924K, committed 62336K, reserved 1114112K
  class space    used 6598K, committed 7168K, reserved 1048576K
}
Event: 121.340 GC heap before
{Heap before GC invocations=81 (full 3):
 PSYoungGen      total 12800K, used 12563K [0x00000000d5580000, 0x00000000d6380000, 0x0000000100000000)
  eden space 12288K, 99% used [0x00000000d5580000,0x00000000d6174f60,0x00000000d6180000)
  from space 512K, 62% used [0x00000000d6280000,0x00000000d62d0000,0x00000000d6300000)
  to   space 512K, 0% used [0x00000000d6300000,0x00000000d6300000,0x00000000d6380000)
 ParOldGen       total 75264K, used 55194K [0x0000000080000000, 0x0000000084980000, 0x00000000d5580000)
  object space 75264K, 73% used [0x0000000080000000,0x00000000835e6bd0,0x0000000084980000)
 Metaspace       used 62011K, committed 63424K, reserved 1114112K
  class space    used 6694K, committed 7296K, reserved 1048576K
}
Event: 121.342 GC heap after
{Heap after GC invocations=81 (full 3):
 PSYoungGen      total 12800K, used 438K [0x00000000d5580000, 0x00000000d6380000, 0x0000000100000000)
  eden space 12288K, 0% used [0x00000000d5580000,0x00000000d5580000,0x00000000d6180000)
  from space 512K, 85% used [0x00000000d6300000,0x00000000d636db28,0x00000000d6380000)
  to   space 512K, 0% used [0x00000000d6280000,0x00000000d6280000,0x00000000d6300000)
 ParOldGen       total 75264K, used 55569K [0x0000000080000000, 0x0000000084980000, 0x00000000d5580000)
  object space 75264K, 73% used [0x0000000080000000,0x00000000836446f8,0x0000000084980000)
 Metaspace       used 62011K, committed 63424K, reserved 1114112K
  class space    used 6694K, committed 7296K, reserved 1048576K
}
Event: 121.389 GC heap before
{Heap before GC invocations=82 (full 3):
 PSYoungGen      total 12800K, used 12726K [0x00000000d5580000, 0x00000000d6380000, 0x0000000100000000)
  eden space 12288K, 100% used [0x00000000d5580000,0x00000000d6180000,0x00000000d6180000)
  from space 512K, 85% used [0x00000000d6300000,0x00000000d636db28,0x00000000d6380000)
  to   space 512K, 0% used [0x00000000d6280000,0x00000000d6280000,0x00000000d6300000)
 ParOldGen       total 75264K, used 55569K [0x0000000080000000, 0x0000000084980000, 0x00000000d5580000)
  object space 75264K, 73% used [0x0000000080000000,0x00000000836446f8,0x0000000084980000)
 Metaspace       used 62025K, committed 63424K, reserved 1114112K
  class space    used 6694K, committed 7296K, reserved 1048576K
}
Event: 121.391 GC heap after
{Heap after GC invocations=82 (full 3):
 PSYoungGen      total 12800K, used 482K [0x00000000d5580000, 0x00000000d6580000, 0x0000000100000000)
  eden space 12288K, 0% used [0x00000000d5580000,0x00000000d5580000,0x00000000d6180000)
  from space 512K, 94% used [0x00000000d6280000,0x00000000d62f8a48,0x00000000d6300000)
  to   space 2048K, 0% used [0x00000000d6380000,0x00000000d6380000,0x00000000d6580000)
 ParOldGen       total 75264K, used 56629K [0x0000000080000000, 0x0000000084980000, 0x00000000d5580000)
  object space 75264K, 75% used [0x0000000080000000,0x000000008374d640,0x0000000084980000)
 Metaspace       used 62025K, committed 63424K, reserved 1114112K
  class space    used 6694K, committed 7296K, reserved 1048576K
}
Event: 121.510 GC heap before
{Heap before GC invocations=83 (full 3):
 PSYoungGen      total 12800K, used 12770K [0x00000000d5580000, 0x00000000d6580000, 0x0000000100000000)
  eden space 12288K, 100% used [0x00000000d5580000,0x00000000d6180000,0x00000000d6180000)
  from space 512K, 94% used [0x00000000d6280000,0x00000000d62f8a48,0x00000000d6300000)
  to   space 2048K, 0% used [0x00000000d6380000,0x00000000d6380000,0x00000000d6580000)
 ParOldGen       total 75264K, used 56629K [0x0000000080000000, 0x0000000084980000, 0x00000000d5580000)
  object space 75264K, 75% used [0x0000000080000000,0x000000008374d640,0x0000000084980000)
 Metaspace       used 62041K, committed 63424K, reserved 1114112K
  class space    used 6694K, committed 7296K, reserved 1048576K
}
Event: 121.511 GC heap after
{Heap after GC invocations=83 (full 3):
 PSYoungGen      total 13824K, used 1072K [0x00000000d5580000, 0x00000000d6500000, 0x0000000100000000)
  eden space 12288K, 0% used [0x00000000d5580000,0x00000000d5580000,0x00000000d6180000)
  from space 1536K, 69% used [0x00000000d6380000,0x00000000d648c350,0x00000000d6500000)
  to   space 1536K, 0% used [0x00000000d6200000,0x00000000d6200000,0x00000000d6380000)
 ParOldGen       total 75264K, used 56661K [0x0000000080000000, 0x0000000084980000, 0x00000000d5580000)
  object space 75264K, 75% used [0x0000000080000000,0x0000000083755640,0x0000000084980000)
 Metaspace       used 62041K, committed 63424K, reserved 1114112K
  class space    used 6694K, committed 7296K, reserved 1048576K
}
Event: 121.584 GC heap before
{Heap before GC invocations=84 (full 3):
 PSYoungGen      total 13824K, used 13360K [0x00000000d5580000, 0x00000000d6500000, 0x0000000100000000)
  eden space 12288K, 100% used [0x00000000d5580000,0x00000000d6180000,0x00000000d6180000)
  from space 1536K, 69% used [0x00000000d6380000,0x00000000d648c350,0x00000000d6500000)
  to   space 1536K, 0% used [0x00000000d6200000,0x00000000d6200000,0x00000000d6380000)
 ParOldGen       total 75264K, used 56661K [0x0000000080000000, 0x0000000084980000, 0x00000000d5580000)
  object space 75264K, 75% used [0x0000000080000000,0x0000000083755640,0x0000000084980000)
 Metaspace       used 62484K, committed 63808K, reserved 1114112K
  class space    used 6728K, committed 7296K, reserved 1048576K
}
Event: 121.585 GC heap after
{Heap after GC invocations=84 (full 3):
 PSYoungGen      total 13824K, used 128K [0x00000000d5580000, 0x00000000d6400000, 0x0000000100000000)
  eden space 12288K, 0% used [0x00000000d5580000,0x00000000d5580000,0x00000000d6180000)
  from space 1536K, 8% used [0x00000000d6200000,0x00000000d6220000,0x00000000d6380000)
  to   space 512K, 0% used [0x00000000d6380000,0x00000000d6380000,0x00000000d6400000)
 ParOldGen       total 75264K, used 56677K [0x0000000080000000, 0x0000000084980000, 0x00000000d5580000)
  object space 75264K, 75% used [0x0000000080000000,0x0000000083759640,0x0000000084980000)
 Metaspace       used 62484K, committed 63808K, reserved 1114112K
  class space    used 6728K, committed 7296K, reserved 1048576K
}

